  main.cpp
C:\Users\17199\Desktop\GLSL_PathTracing\GLSL_PathTracing\ThirdParty\stb_image.h(964,11): warning C4312: “类型强制转换”: 从“int”转换到更大的“unsigned char *”
C:\Users\17199\Desktop\GLSL_PathTracing\GLSL_PathTracing\ThirdParty\stb_image.h(1033,19): warning C4312: “类型强制转换”: 从“int”转换到更大的“unsigned char *”
C:\Users\17199\Desktop\GLSL_PathTracing\GLSL_PathTracing\ThirdParty\stb_image.h(1082,11): warning C4312: “类型强制转换”: 从“int”转换到更大的“float *”
C:\Users\17199\Desktop\GLSL_PathTracing\GLSL_PathTracing\ThirdParty\stb_image.h(1104,19): warning C4312: “类型强制转换”: 从“int”转换到更大的“float *”
C:\Users\17199\Desktop\GLSL_PathTracing\GLSL_PathTracing\ThirdParty\stb_image.h(1330,14): warning C4312: “类型强制转换”: 从“int”转换到更大的“unsigned char *”
C:\Users\17199\Desktop\GLSL_PathTracing\GLSL_PathTracing\ThirdParty\stb_image.h(1368,50): warning C4312: “类型强制转换”: 从“int”转换到更大的“float *”
C:\Users\17199\Desktop\GLSL_PathTracing\GLSL_PathTracing\ThirdParty\stb_image.h(1388,50): warning C4312: “类型强制转换”: 从“int”转换到更大的“unsigned char *”
C:\Users\17199\Desktop\GLSL_PathTracing\GLSL_PathTracing\ThirdParty\stb_image.h(3297,45): warning C4312: “类型强制转换”: 从“int”转换到更大的“unsigned char *”
C:\Users\17199\Desktop\GLSL_PathTracing\GLSL_PathTracing\ThirdParty\stb_image.h(3325,71): warning C4312: “类型强制转换”: 从“int”转换到更大的“unsigned char *”
C:\Users\17199\Desktop\GLSL_PathTracing\GLSL_PathTracing\ThirdParty\stb_image.h(3343,52): warning C4312: “类型强制转换”: 从“int”转换到更大的“unsigned char *”
C:\Users\17199\Desktop\GLSL_PathTracing\GLSL_PathTracing\ThirdParty\stb_image.h(4457,45): warning C4312: “类型强制转换”: 从“int”转换到更大的“unsigned char *”
C:\Users\17199\Desktop\GLSL_PathTracing\GLSL_PathTracing\ThirdParty\stb_image.h(4585,61): warning C4312: “类型强制转换”: 从“int”转换到更大的“unsigned char *”
C:\Users\17199\Desktop\GLSL_PathTracing\GLSL_PathTracing\ThirdParty\stb_image.h(4591,80): warning C4312: “类型强制转换”: 从“int”转换到更大的“unsigned char *”
C:\Users\17199\Desktop\GLSL_PathTracing\GLSL_PathTracing\ThirdParty\stb_image.h(4599,38): warning C4312: “类型强制转换”: 从“int”转换到更大的“unsigned char *”
C:\Users\17199\Desktop\GLSL_PathTracing\GLSL_PathTracing\ThirdParty\stb_image.h(4601,25): warning C4312: “类型强制转换”: 从“int”转换到更大的“unsigned char *”
C:\Users\17199\Desktop\GLSL_PathTracing\GLSL_PathTracing\ThirdParty\stb_image.h(4609,50): warning C4312: “类型强制转换”: 从“int”转换到更大的“unsigned char *”
C:\Users\17199\Desktop\GLSL_PathTracing\GLSL_PathTracing\ThirdParty\stb_image.h(4644,26): warning C4312: “类型强制转换”: 从“int”转换到更大的“unsigned char *”
C:\Users\17199\Desktop\GLSL_PathTracing\GLSL_PathTracing\ThirdParty\stb_image.h(4647,23): warning C4312: “类型强制转换”: 从“int”转换到更大的“unsigned char *”
C:\Users\17199\Desktop\GLSL_PathTracing\GLSL_PathTracing\ThirdParty\stb_image.h(4674,21): warning C4312: “类型强制转换”: 从“int”转换到更大的“unsigned char *”
C:\Users\17199\Desktop\GLSL_PathTracing\GLSL_PathTracing\ThirdParty\stb_image.h(4677,63): warning C4312: “类型强制转换”: 从“int”转换到更大的“unsigned char *”
C:\Users\17199\Desktop\GLSL_PathTracing\GLSL_PathTracing\ThirdParty\stb_image.h(4688,37): warning C4312: “类型强制转换”: 从“int”转换到更大的“unsigned char *”
C:\Users\17199\Desktop\GLSL_PathTracing\GLSL_PathTracing\ThirdParty\stb_image.h(4726,58): warning C4312: “类型强制转换”: 从“int”转换到更大的“unsigned char *”
C:\Users\17199\Desktop\GLSL_PathTracing\GLSL_PathTracing\ThirdParty\stb_image.h(4904,26): warning C4312: “类型强制转换”: 从“int”转换到更大的“unsigned char *”
C:\Users\17199\Desktop\GLSL_PathTracing\GLSL_PathTracing\ThirdParty\stb_image.h(4925,20): warning C4312: “类型强制转换”: 从“int”转换到更大的“unsigned char *”
C:\Users\17199\Desktop\GLSL_PathTracing\GLSL_PathTracing\ThirdParty\stb_image.h(4930,20): warning C4312: “类型强制转换”: 从“int”转换到更大的“unsigned char *”
C:\Users\17199\Desktop\GLSL_PathTracing\GLSL_PathTracing\ThirdParty\stb_image.h(5062,14): warning C4312: “类型强制转换”: 从“int”转换到更大的“unsigned char *”
C:\Users\17199\Desktop\GLSL_PathTracing\GLSL_PathTracing\ThirdParty\stb_image.h(5066,14): warning C4312: “类型强制转换”: 从“int”转换到更大的“unsigned char *”
C:\Users\17199\Desktop\GLSL_PathTracing\GLSL_PathTracing\ThirdParty\stb_image.h(5074,14): warning C4312: “类型强制转换”: 从“int”转换到更大的“unsigned char *”
C:\Users\17199\Desktop\GLSL_PathTracing\GLSL_PathTracing\ThirdParty\stb_image.h(5082,14): warning C4312: “类型强制转换”: 从“int”转换到更大的“unsigned char *”
C:\Users\17199\Desktop\GLSL_PathTracing\GLSL_PathTracing\ThirdParty\stb_image.h(5095,14): warning C4312: “类型强制转换”: 从“int”转换到更大的“unsigned char *”
C:\Users\17199\Desktop\GLSL_PathTracing\GLSL_PathTracing\ThirdParty\stb_image.h(5112,14): warning C4312: “类型强制转换”: 从“int”转换到更大的“unsigned char *”
C:\Users\17199\Desktop\GLSL_PathTracing\GLSL_PathTracing\ThirdParty\stb_image.h(5116,21): warning C4312: “类型强制转换”: 从“int”转换到更大的“unsigned char *”
C:\Users\17199\Desktop\GLSL_PathTracing\GLSL_PathTracing\ThirdParty\stb_image.h(5258,38): warning C4312: “类型强制转换”: 从“int”转换到更大的“unsigned char *”
C:\Users\17199\Desktop\GLSL_PathTracing\GLSL_PathTracing\ThirdParty\stb_image.h(5286,17): warning C4312: “类型强制转换”: 从“int”转换到更大的“unsigned char *”
C:\Users\17199\Desktop\GLSL_PathTracing\GLSL_PathTracing\ThirdParty\stb_image.h(5297,44): warning C4312: “类型强制转换”: 从“int”转换到更大的“unsigned char *”
C:\Users\17199\Desktop\GLSL_PathTracing\GLSL_PathTracing\ThirdParty\stb_image.h(5298,38): warning C4312: “类型强制转换”: 从“int”转换到更大的“unsigned char *”
C:\Users\17199\Desktop\GLSL_PathTracing\GLSL_PathTracing\ThirdParty\stb_image.h(5312,23): warning C4312: “类型强制转换”: 从“int”转换到更大的“unsigned char *”
C:\Users\17199\Desktop\GLSL_PathTracing\GLSL_PathTracing\ThirdParty\stb_image.h(5331,52): warning C4312: “类型强制转换”: 从“int”转换到更大的“unsigned char *”
C:\Users\17199\Desktop\GLSL_PathTracing\GLSL_PathTracing\ThirdParty\stb_image.h(5349,48): warning C4312: “类型强制转换”: 从“int”转换到更大的“unsigned char *”
C:\Users\17199\Desktop\GLSL_PathTracing\GLSL_PathTracing\ThirdParty\stb_image.h(5360,32): warning C4312: “类型强制转换”: 从“int”转换到更大的“unsigned char *”
C:\Users\17199\Desktop\GLSL_PathTracing\GLSL_PathTracing\ThirdParty\stb_image.h(5369,45): warning C4312: “类型强制转换”: 从“int”转换到更大的“unsigned char *”
C:\Users\17199\Desktop\GLSL_PathTracing\GLSL_PathTracing\ThirdParty\stb_image.h(5396,33): warning C4312: “类型强制转换”: 从“int”转换到更大的“unsigned char *”
C:\Users\17199\Desktop\GLSL_PathTracing\GLSL_PathTracing\ThirdParty\stb_image.h(5397,34): warning C4312: “类型强制转换”: 从“int”转换到更大的“unsigned char *”
C:\Users\17199\Desktop\GLSL_PathTracing\GLSL_PathTracing\ThirdParty\stb_image.h(5611,31): warning C4312: “类型强制转换”: 从“int”转换到更大的“unsigned char *”
C:\Users\17199\Desktop\GLSL_PathTracing\GLSL_PathTracing\ThirdParty\stb_image.h(5615,48): warning C4312: “类型强制转换”: 从“int”转换到更大的“unsigned char *”
C:\Users\17199\Desktop\GLSL_PathTracing\GLSL_PathTracing\ThirdParty\stb_image.h(5620,23): warning C4312: “类型强制转换”: 从“int”转换到更大的“unsigned char *”
C:\Users\17199\Desktop\GLSL_PathTracing\GLSL_PathTracing\ThirdParty\stb_image.h(5631,20): warning C4312: “类型强制转换”: 从“int”转换到更大的“unsigned char *”
C:\Users\17199\Desktop\GLSL_PathTracing\GLSL_PathTracing\ThirdParty\stb_image.h(5660,52): warning C4312: “类型强制转换”: 从“int”转换到更大的“unsigned char *”
C:\Users\17199\Desktop\GLSL_PathTracing\GLSL_PathTracing\ThirdParty\stb_image.h(5667,52): warning C4312: “类型强制转换”: 从“int”转换到更大的“unsigned char *”
C:\Users\17199\Desktop\GLSL_PathTracing\GLSL_PathTracing\ThirdParty\stb_image.h(5684,23): warning C4312: “类型强制转换”: 从“int”转换到更大的“unsigned char *”
C:\Users\17199\Desktop\GLSL_PathTracing\GLSL_PathTracing\ThirdParty\stb_image.h(5714,23): warning C4312: “类型强制转换”: 从“int”转换到更大的“unsigned char *”
C:\Users\17199\Desktop\GLSL_PathTracing\GLSL_PathTracing\ThirdParty\stb_image.h(5747,20): warning C4312: “类型强制转换”: 从“int”转换到更大的“unsigned char *”
C:\Users\17199\Desktop\GLSL_PathTracing\GLSL_PathTracing\ThirdParty\stb_image.h(5860,14): warning C4312: “类型强制转换”: 从“int”转换到更大的“float *”
C:\Users\17199\Desktop\GLSL_PathTracing\GLSL_PathTracing\ThirdParty\stb_image.h(5869,26): warning C4312: “类型强制转换”: 从“int”转换到更大的“float *”
C:\Users\17199\Desktop\GLSL_PathTracing\GLSL_PathTracing\ThirdParty\stb_image.h(5874,42): warning C4312: “类型强制转换”: 从“int”转换到更大的“float *”
C:\Users\17199\Desktop\GLSL_PathTracing\GLSL_PathTracing\ThirdParty\stb_image.h(5878,42): warning C4312: “类型强制转换”: 从“int”转换到更大的“float *”
C:\Users\17199\Desktop\GLSL_PathTracing\GLSL_PathTracing\ThirdParty\stb_image.h(5927,79): warning C4312: “类型强制转换”: 从“int”转换到更大的“float *”
C:\Users\17199\Desktop\GLSL_PathTracing\GLSL_PathTracing\ThirdParty\stb_image.h(6142,21): warning C4312: “类型强制转换”: 从“int”转换到更大的“unsigned char *”
C:\Users\17199\Desktop\GLSL_PathTracing\GLSL_PathTracing\main.cpp(60,51): warning C4244: “+=”: 从“double”转换到“float”，可能丢失数据
C:\Users\17199\Desktop\GLSL_PathTracing\GLSL_PathTracing\main.cpp(61,49): warning C4244: “+=”: 从“double”转换到“float”，可能丢失数据
C:\Users\17199\Desktop\GLSL_PathTracing\GLSL_PathTracing\main.cpp(187,10): warning C4244: “初始化”: 从“__int64”转换到“int”，可能丢失数据
C:\Users\17199\Desktop\GLSL_PathTracing\GLSL_PathTracing\main.cpp(189,10): warning C4244: “初始化”: 从“__int64”转换到“int”，可能丢失数据
C:\Users\17199\Desktop\GLSL_PathTracing\GLSL_PathTracing\main.cpp(319,31): warning C4267: “初始化”: 从“size_t”转换到“int”，可能丢失数据
C:\Users\17199\Desktop\GLSL_PathTracing\GLSL_PathTracing\main.cpp(451,81): warning C4267: “参数”: 从“size_t”转换到“GLint”，可能丢失数据
C:\Users\17199\Desktop\GLSL_PathTracing\GLSL_PathTracing\main.cpp(452,77): warning C4267: “参数”: 从“size_t”转换到“GLint”，可能丢失数据
C:\Users\17199\Desktop\GLSL_PathTracing\GLSL_PathTracing\main.cpp(627,81): warning C4267: “参数”: 从“size_t”转换到“GLint”，可能丢失数据
C:\Users\17199\Desktop\GLSL_PathTracing\GLSL_PathTracing\main.cpp(628,77): warning C4267: “参数”: 从“size_t”转换到“GLint”，可能丢失数据
C:\Users\17199\Desktop\GLSL_PathTracing\GLSL_PathTracing\main.cpp(633,79): warning C4267: “参数”: 从“size_t”转换到“GLint”，可能丢失数据
  正在生成代码
  2 of 1068 functions ( 0.2%) were compiled, the rest were copied from previous compilation.
    0 functions were new in current compilation
    21 functions had inline decision re-evaluated but remain unchanged
  已完成代码的生成
  GLSL_PathTracing.vcxproj -> C:\Users\17199\Desktop\GLSL_PathTracing\GLSL_PathTracing\x64\Release\GLSL_PathTracing.exe
